<?xml version="1.0" encoding="UTF-8"?>
<!-- Generated by org.testng.reporters.JUnitReportReporter -->
<testsuite hostname="DESKTOP-1K09BVS" failures="0" tests="1" name="ocean.Runner_class" time="81.016" errors="0" timestamp="2024-03-29T12:07:30 IST" skipped="0">
  <testcase classname="ocean.Runner_class" name="test1" time="81.016"/>
  <system-out/>
</testsuite> <!-- ocean.Runner_class -->
