<?xml version="1.0" encoding="UTF-8"?>
<!-- Generated by org.testng.reporters.JUnitReportReporter -->
<testsuite hostname="DESKTOP-1K09BVS" failures="0" tests="1" name="ocean.Runner_class" time="14.927" errors="0" timestamp="2024-03-17T13:31:53 IST" skipped="0">
  <testcase classname="ocean.Runner_class" name="test1" time="14.927"/>
  <system-out/>
</testsuite> <!-- ocean.Runner_class -->
