<?xml version="1.0" encoding="UTF-8"?>
<!-- Generated by org.testng.reporters.JUnitReportReporter -->
<testsuite hostname="DESKTOP-1K09BVS" failures="0" tests="2" name="ocean.Runner_class" time="156.277" errors="0" timestamp="2024-03-29T12:27:55 IST" skipped="0">
  <testcase classname="ocean.Runner_class" name="test1" time="70.820"/>
  <system-out/>
  <testcase classname="ocean.Runner_class" name="test2" time="85.457"/>
  <system-out/>
</testsuite> <!-- ocean.Runner_class -->
